<testng-results>
  <reporter-output>
  </reporter-output>
  <suite name="Command line suite" duration-ms="86" started-at="2011-09-01T21:06:36Z" finished-at="2011-09-01T21:06:36Z">
    <groups>
    </groups>
    <test name="Command line test" duration-ms="86" started-at="2011-09-01T21:06:36Z" finished-at="2011-09-01T21:06:36Z">
      <class name="com.googlecode.wicketelements.library.behavior.LessFileHeaderContributorTest">
        <test-method status="PASS" signature="testContributor()" name="testContributor" duration-ms="68" started-at="2011-09-01T21:06:36Z" finished-at="2011-09-01T21:06:36Z">
        </test-method>
      </class>
    </test>
  </suite>
</testng-results>
