<?xml version="1.0" encoding="UTF-8"?>
<testsuite hostname="Yannick-Loths-iMac.local" name="com.googlecode.wicketelements.security.AnnotationSecurityCheckTest" tests="16" failures="0" timestamp="1 Sep 2011 19:06:43 GMT" time="0.531" errors="0">
  <testcase name="testFindImpliedPermissionsForEnableWithEnableAndRenderAnnotation" time="0.026" classname="com.googlecode.wicketelements.security.AnnotationSecurityCheckTest"/>
  <testcase name="testFindImpliedPermissionsForInstantiationWithEnableAndRenderAnnotation" time="0.0" classname="com.googlecode.wicketelements.security.AnnotationSecurityCheckTest"/>
  <testcase name="testFindImpliedPermissionsForInstantiationWithInstantiationAnnotation" time="0.0040" classname="com.googlecode.wicketelements.security.AnnotationSecurityCheckTest"/>
  <testcase name="testFindImpliedPermissionsForInstantiationWithRenderAnnotation" time="0.0010" classname="com.googlecode.wicketelements.security.AnnotationSecurityCheckTest"/>
  <testcase name="testFindImpliedPermissionsForRenderWithEnableAndRenderAnnotation" time="0.0" classname="com.googlecode.wicketelements.security.AnnotationSecurityCheckTest"/>
  <testcase name="testFindImpliedPermissionsWithNullAnnotationParam" time="0.0" classname="com.googlecode.wicketelements.security.AnnotationSecurityCheckTest"/>
  <testcase name="testFindImpliedPermissionsWithNullComponentParam" time="0.0010" classname="com.googlecode.wicketelements.security.AnnotationSecurityCheckTest"/>
  <testcase name="testFindSecurityConstraintsForEnableWithNullParameter" time="0.0010" classname="com.googlecode.wicketelements.security.AnnotationSecurityCheckTest"/>
  <testcase name="testFindSecurityConstraintsForEnableWithOneConstraintInEnableAnnotation" time="0.0040" classname="com.googlecode.wicketelements.security.AnnotationSecurityCheckTest"/>
  <testcase name="testFindSecurityConstraintsForEnableWithOneConstraintInRenderAnnotation" time="0.0" classname="com.googlecode.wicketelements.security.AnnotationSecurityCheckTest"/>
  <testcase name="testFindSecurityConstraintsForInstantiationWithNullParameter" time="0.0" classname="com.googlecode.wicketelements.security.AnnotationSecurityCheckTest"/>
  <testcase name="testFindSecurityConstraintsForInstantiationWithOneConstraintInInstantiationAnnotation" time="0.0010" classname="com.googlecode.wicketelements.security.AnnotationSecurityCheckTest"/>
  <testcase name="testFindSecurityConstraintsForInstantiationWithOneConstraintInRenderAnnotation" time="0.0" classname="com.googlecode.wicketelements.security.AnnotationSecurityCheckTest"/>
  <testcase name="testFindSecurityConstraintsForRenderWithNullParameter" time="0.0" classname="com.googlecode.wicketelements.security.AnnotationSecurityCheckTest"/>
  <testcase name="testFindSecurityConstraintsForRenderWithOneConstraintInEnableAnnotation" time="0.0" classname="com.googlecode.wicketelements.security.AnnotationSecurityCheckTest"/>
  <testcase name="testFindSecurityConstraintsForRenderWithOneConstraintInRenderAnnotation" time="0.0010" classname="com.googlecode.wicketelements.security.AnnotationSecurityCheckTest"/>
</testsuite>
